<?xml version="1.0" encoding="UTF-8"?>
<!-- Generated by org.testng.reporters.JUnitReportReporter -->
<testsuite hostname="Lenovo" failures="0" tests="1" name="bingTest.simpleBingTest" time="8.508" errors="0" timestamp="2023-04-16T13:52:23 IST" skipped="0">
  <testcase classname="bingTest.simpleBingTest" name="validateBing" time="8.508"/>
  <system-out/>
</testsuite> <!-- bingTest.simpleBingTest -->
