<?xml version="1.0" encoding="UTF-8"?>
<!-- Generated by org.testng.reporters.JUnitReportReporter -->
<testsuite hostname="Lenovo" failures="0" tests="1" name="googleTest.simpleGoogleTest" time="31.082" errors="0" timestamp="2023-04-16T13:52:23 IST" skipped="0">
  <testcase classname="googleTest.simpleGoogleTest" name="validateBing" time="31.082"/>
  <system-out/>
</testsuite> <!-- googleTest.simpleGoogleTest -->
